[03.06.2025 19:17] Пользователь: /start
[03.06.2025 19:17] Бот: 🎵 Привет! Я — музыкальный гид.

Доступные команды:
/исполнитель <имя> — информация об исполнителе
/похожие <имя> — похожие исполнители
/жанр <жанр> — описание музыкального жанра
/чарты — топ-10 песен
[03.06.2025 19:20] Пользователь: /исполнитель Avicii
[03.06.2025 19:20] Бот: 🎤 Avicii

Avicii (8 Сентября 1989 – 20 Апреля 2018) — шведский диджей и музыкальный продюсер. Он также использовал псевдонимы Тим Берг и Том Хангс. Авичи прославился в 2010 году благодаря синглам «My Feelings for You», «Seek Bromance», «Blessed» и «Levels». По данным журнала Forbes, в 2013 году вошел
🔗 Подробнее: https://www.last.fm/music/Avicii
[03.06.2025 19:21] Пользователь: /похожие Avicii
[03.06.2025 19:21] Бот: Эта команда пока в разработке.
[03.06.2025 19:21] Пользователь: /жанр Поп
[03.06.2025 19:21] Бот: Эта команда пока в разработке.
[03.06.2025 19:21] Пользователь: /чарты
[03.06.2025 19:21] Бот: Эта команда пока в разработке.
[03.06.2025 19:26] Пользователь: /start
[03.06.2025 19:26] Бот: 🎵 Привет! Я — музыкальный гид.

Доступные команды:
/исполнитель <имя> — информация об исполнителе
/похожие <имя> — похожие исполнители
/жанр <жанр> — описание музыкального жанра
/чарты — топ-10 песен
[03.06.2025 19:26] Пользователь: /исполнитель Avicii
[03.06.2025 19:26] Бот: 🎤 Avicii

Avicii (8 Сентября 1989 – 20 Апреля 2018) — шведский диджей и музыкальный продюсер. Он также использовал псевдонимы Тим Берг и Том Хангс. Авичи прославился в 2010 году благодаря синглам «My Feelings for You», «Seek Bromance», «Blessed» и «Levels». По данным журнала Forbes, в 2013 году вошел
🔗 Подробнее: https://www.last.fm/music/Avicii
[03.06.2025 19:26] Пользователь: /похожие Avicii
[03.06.2025 19:26] Бот: Эта команда пока в разработке.
[03.06.2025 19:33] Пользователь: /start
[03.06.2025 19:33] Бот: 🎵 Привет! Я — музыкальный гид.

Доступные команды:
/исполнитель <имя> — информация об исполнителе
/похожие <имя> — похожие исполнители
/жанр <жанр> — описание музыкального жанра
/чарты — топ-10 песен
[03.06.2025 19:33] Пользователь: /исполнитель Avicii
[03.06.2025 19:33] Бот: 🎤 Avicii

Tim Bergling (born September 8, 1989 in Stockholm, Sweden, died April 20, 2018 in Muscat, Oman), better known by his stage name Avicii (stylized as ΛVICII and ◢ ◤), was a Swedish DJ, remixer and record producer. Avicii was ranked 3rd on DJ Magazine‍‍ '​‍s annual Top 100 DJs in 2012 and 2013 and has been nominated twice for a Grammy Award, once for his work on "Sunshine" with David Guetta in 2012 and once for his song "Levels" (which sampled the 1962 Etta James track "Something's Got a Hold on Me") in 2013. <a href="https://www.last.fm/music/Avicii">Read more on Last.fm</a>
🔗 Подробнее: https://www.last.fm/music/Avicii
[03.06.2025 19:33] Пользователь: /похожие Avicii
[03.06.2025 19:33] Бот: 🎵 Похожие на Avicii:

1. Kygo
2. Tim Berg
3. Axwell /\ Ingrosso
4. Martin Garrix
5. Alesso
[03.06.2025 19:33] Пользователь: /жанр Поп
[03.06.2025 19:33] Бот: 🎶 Жанр Поп:


🔗 Подробнее: https://www.last.fm/tag/Поп
[03.06.2025 19:34] Пользователь: /чарты
[03.06.2025 19:34] Бот: 🔥 Топ-10 песен:

1. BIRDS OF A FEATHER - Billie Eilish
2. Good Luck, Babe! - Chappell Roan
3. Party 4 U - Charli XCX
4. See You Again (feat. Kali Uchis) - Tyler, the Creator
5. No One Noticed - The Marías
6. Abracadabra - Lady Gaga
7. espresso - Sabrina Carpenter
8. luther (with SZA) - Kendrick Lamar
9. guess featuring billie eilish - Charli XCX
10. back to friends - Sombr
[03.06.2025 19:35] Пользователь: /исполнитель Macan
[03.06.2025 19:35] Бот: 🎤 Macan

Terbentuk pada tahun 1995, dengan formasi awal AhMad (ex vokalis Gaspierro Gyras), Deddy Boe (ex drummer Gaspierro Gyras), Chandra (ex basis Wells Crew), Gatuk Gondes (ex gitaris Surabaya Rock Band), Jessy Limpar (ex gitaris Wells Crew). Macan mengusung aliran musik Shock Rock atau lebih dikenal dengan istilah Glam Rock karena ter-influence dengan band-band manca negara semacam Skid Row, Motley Crue, AC/DC, Ozzy Osbourne, Kiss dll.
Sesuai komitmen para personilnya <a href="https://www.last.fm/music/Macan">Read more on Last.fm</a>
🔗 Подробнее: https://www.last.fm/music/Macan
[03.06.2025 19:36] Пользователь: /исполнитель AC/DC
[03.06.2025 19:36] Бот: 🎤 AC/DC

AC/DC is an Australian rock band formed in Sydney in 1973 by Scottish-born brothers Malcolm and Angus Young. Their music has been described as hard rock, blues rock, and heavy metal, though the band refers to it simply as rock and roll.

After undergoing several lineup changes in its early years, AC/DC released its debut album "High Voltage" in 1975. The classic lineup soon solidified around the Young brothers, vocalist Bon Scott, drummer Phil Rudd, and bassist Mark Evans. <a href="https://www.last.fm/music/AC%2FDC">Read more on Last.fm</a>
🔗 Подробнее: https://www.last.fm/music/AC%2FDC
[03.06.2025 19:44] Пользователь: /start
[03.06.2025 19:44] Бот: 🎵 Привет! Я — музыкальный гид.

Доступные команды:
/исполнитель <имя> — информация об исполнителе
/похожие <имя> — похожие исполнители
/жанр <жанр> — описание музыкального жанра
/чарты — топ-10 песен
[03.06.2025 19:44] Пользователь: /исполнитель AC/DC
[03.06.2025 19:44] Бот: 🎤 AC/DC

AC/DC is an Australian rock band formed in Sydney in 1973 by Scottish-born brothers Malcolm and Angus Young. Their music has been described as hard rock, blues rock, and heavy metal, though the band refers to it simply as rock and roll.

After undergoing several lineup changes in its early years, AC/DC released its debut album "High Voltage" in 1975. The classic lineup soon solidified around the Young brothers, vocalist Bon Scott, drummer Phil Rudd, and bassist Mark Evans. <a href="https://www.last.fm/music/AC%2FDC">Read more on Last.fm</a>
🔗 Подробнее: https://www.last.fm/music/AC%2FDC
[04.06.2025 21:16] Пользователь: /start
[04.06.2025 21:16] Бот: 🎵 Привет! Я — музыкальный гид. Выберите действие:
[04.06.2025 21:16] Пользователь: Avicii
[04.06.2025 21:16] Бот: 🎤 Avicii

Tim Bergling (born September 8, 1989 in Stockholm, Sweden, died April 20, 2018 in Muscat, Oman), better known by his stage name Avicii (stylized as ΛVICII and ◢ ◤), was a Swedish DJ, remixer and record producer. Avicii was ranked 3rd on DJ Magazine‍‍ '​‍s annual Top 100 DJs in 2012 and 2013 and has been nominated twice for a Grammy Award, once for his work on "Sunshine" with David Guetta in 2012 and once for his song "Levels" (which sampled the 1962 Etta James track "Something's Got a Hold on Me") in 2013. <a href="https://www.last.fm/music/Avicii">Read more on Last.fm</a>
🔗 Подробнее: https://www.last.fm/music/Avicii
[04.06.2025 21:16] Пользователь: Avicci
[04.06.2025 21:16] Бот: 🎵 Похожие на Avicci:

1. Kygo
2. Tim Berg
3. Axwell /\ Ingrosso
4. Martin Garrix
5. Alesso
[04.06.2025 21:16] Пользователь: Pop
[04.06.2025 21:16] Бот: 🎶 Жанр Pop:

Pop music is a broad-term for many different types of music: The term is flexible, and the music labeled "pop" changes frequently. It usually refers to popular, appealing and mostly mainstream music with emphasis on catchy melodies and an accessible style, with songs that tend to have a short to medium length. Some subgenres may include synthpop, electropop, bubblegum, sophisti-pop, hyperpop and many others. <a href="http://www.last.fm/tag/Pop">Read more on Last.fm</a>. User-contributed text is available under the Creative Commons By-SA License; additional terms may apply.
🔗 Подробнее: https://www.last.fm/tag/Pop
[04.06.2025 22:20] Пользователь: /start
[04.06.2025 22:20] Бот: 🎵 Привет! Я — музыкальный гид. Выберите действие:
[05.06.2025 13:52] Пользователь: /start
[05.06.2025 13:52] Бот: 🎵 Привет! Я — музыкальный гид. Выберите действие:
[05.06.2025 13:52] Пользователь: Lida
[05.06.2025 13:52] Бот: 🎤 Lida

1. Lida (Николай Ромадов, 10 мая 1995) — российский видеоблогер, музыкант, автор песен, вокалист и продюсер группы “Фрио”. Родной город — Москва (Марьино).

Свою музыкальную деятельность начал в феврале 2014 года, выпустив композицию “Мысли” под псевдонимом “Фрио”. <a href="https://www.last.fm/music/Lida">Read more on Last.fm</a>
🔗 Подробнее: https://www.last.fm/music/Lida
[05.06.2025 13:52] Пользователь: Lida
[05.06.2025 13:52] Бот: 🎵 Похожие на Lida:

1. ЮГ 404
2. Секонд Хенд
3. Coldcloud
4. КОСМОНАВТОВ НЕТ
5. PlayingTheAngel
[05.06.2025 13:52] Пользователь: Pop
[05.06.2025 13:52] Бот: 🎶 Жанр Pop:

Pop music is a broad-term for many different types of music: The term is flexible, and the music labeled "pop" changes frequently. It usually refers to popular, appealing and mostly mainstream music with emphasis on catchy melodies and an accessible style, with songs that tend to have a short to medium length. Some subgenres may include synthpop, electropop, bubblegum, sophisti-pop, hyperpop and many others. <a href="http://www.last.fm/tag/Pop">Read more on Last.fm</a>. User-contributed text is available under the Creative Commons By-SA License; additional terms may apply.
🔗 Подробнее: https://www.last.fm/tag/Pop
[05.06.2025 13:52] Пользователь: 🔥 Чарт
[05.06.2025 13:52] Бот: 🔥 Топ-10 песен:

1. BIRDS OF A FEATHER - Billie Eilish
2. Good Luck, Babe! - Chappell Roan
3. Party 4 U - Charli XCX
4. See You Again (feat. Kali Uchis) - Tyler, the Creator
5. No One Noticed - The Marías
6. Abracadabra - Lady Gaga
7. espresso - Sabrina Carpenter
8. luther (with SZA) - Kendrick Lamar
9. back to friends - Sombr
10. guess featuring billie eilish - Charli XCX
[05.06.2025 15:34] Пользователь: /start
[05.06.2025 15:34] Бот: 🎵 Привет! Я — музыкальный гид. Выберите действие:
[05.06.2025 15:34] Пользователь: AC/DC
[05.06.2025 15:34] Бот: 🎤 AC/DC

AC/DC is an Australian rock band formed in Sydney in 1973 by Scottish-born brothers Malcolm and Angus Young. Their music has been described as hard rock, blues rock, and heavy metal, though the band refers to it simply as rock and roll.

After undergoing several lineup changes in its early years, AC/DC released its debut album "High Voltage" in 1975. The classic lineup soon solidified around the Young brothers, vocalist Bon Scott, drummer Phil Rudd, and bassist Mark Evans. <a href="https://www.last.fm/music/AC%2FDC">Read more on Last.fm</a>
🔗 Подробнее: https://www.last.fm/music/AC%2FDC
[05.06.2025 15:34] Пользователь: AC/DC
[05.06.2025 15:34] Бот: 🎵 Похожие на AC/DC:

1. Ozzy Osbourne
2. Airbourne
3. Motörhead
4. Def Leppard
5. Aerosmith
[05.06.2025 15:34] Пользователь: Pop
[05.06.2025 15:34] Бот: 🎶 Жанр Pop:

Pop music is a broad-term for many different types of music: The term is flexible, and the music labeled "pop" changes frequently. It usually refers to popular, appealing and mostly mainstream music with emphasis on catchy melodies and an accessible style, with songs that tend to have a short to medium length. Some subgenres may include synthpop, electropop, bubblegum, sophisti-pop, hyperpop and many others. <a href="http://www.last.fm/tag/Pop">Read more on Last.fm</a>. User-contributed text is available under the Creative Commons By-SA License; additional terms may apply.
🔗 Подробнее: https://www.last.fm/tag/Pop
[05.06.2025 15:34] Пользователь: 🔥 Чарт
[05.06.2025 15:34] Бот: 🔥 Топ-10 песен:

1. BIRDS OF A FEATHER - Billie Eilish
2. Good Luck, Babe! - Chappell Roan
3. Party 4 U - Charli XCX
4. See You Again (feat. Kali Uchis) - Tyler, the Creator
5. No One Noticed - The Marías
6. Abracadabra - Lady Gaga
7. espresso - Sabrina Carpenter
8. luther (with SZA) - Kendrick Lamar
9. back to friends - Sombr
10. guess featuring billie eilish - Charli XCX
[05.06.2025 15:35] Пользователь: /start
[05.06.2025 15:35] Бот: 🎵 Привет! Я — музыкальный гид. Выберите действие:
[05.06.2025 15:37] Пользователь: 🔥 Чарт
[05.06.2025 15:37] Бот: 🔥 Топ-10 песен из мирового чарта Last.fm:

1. BIRDS OF A FEATHER - Billie Eilish
2. Good Luck, Babe! - Chappell Roan
3. Party 4 U - Charli XCX
4. See You Again (feat. Kali Uchis) - Tyler, the Creator
5. No One Noticed - The Marías
6. Abracadabra - Lady Gaga
7. espresso - Sabrina Carpenter
8. luther (with SZA) - Kendrick Lamar
9. back to friends - Sombr
10. guess featuring billie eilish - Charli XCX
[05.06.2025 15:37] Пользователь: /start
[05.06.2025 15:37] Бот: 🎵 Привет! Я — музыкальный гид. Выберите действие:
[05.06.2025 15:37] Пользователь: 🔥 Чарт 🔥
[05.06.2025 15:37] Бот: 🔥 Топ-10 песен из мирового чарта Last.fm:

1. BIRDS OF A FEATHER - Billie Eilish
2. Good Luck, Babe! - Chappell Roan
3. Party 4 U - Charli XCX
4. See You Again (feat. Kali Uchis) - Tyler, the Creator
5. No One Noticed - The Marías
6. Abracadabra - Lady Gaga
7. espresso - Sabrina Carpenter
8. luther (with SZA) - Kendrick Lamar
9. back to friends - Sombr
10. guess featuring billie eilish - Charli XCX
[05.06.2025 15:38] Пользователь: avicii
[05.06.2025 15:38] Бот: 🎤 Avicii

Tim Bergling (born September 8, 1989 in Stockholm, Sweden, died April 20, 2018 in Muscat, Oman), better known by his stage name Avicii (stylized as ΛVICII and ◢ ◤), was a Swedish DJ, remixer and record producer. Avicii was ranked 3rd on DJ Magazine‍‍ '​‍s annual Top 100 DJs in 2012 and 2013 and has been nominated twice for a Grammy Award, once for his work on "Sunshine" with David Guetta in 2012 and once for his song "Levels" (which sampled the 1962 Etta James track "Something's Got a Hold on Me") in 2013. <a href="https://www.last.fm/music/Avicii">Read more on Last.fm</a>
🔗 Подробнее: https://www.last.fm/music/Avicii
[05.06.2025 15:38] Пользователь: avicci
[05.06.2025 15:38] Бот: 🎵 Похожие на avicci:

1. Kygo
2. Tim Berg
3. Axwell /\ Ingrosso
4. Martin Garrix
5. Alesso
[05.06.2025 16:59] Пользователь: acdc
[05.06.2025 16:59] Бот: 🎤 ACDC

AC/DC is an Australian rock band formed in Sydney in 1973 by Malcolm and Angus Young. They play hard rock, but they were considered pioneers of heavy metal, according to themselves they play "rock and roll".

AC/DC has sold over 200 million albums world wide. They're #4 on VH1's "100 Greatest Artists of Hard Rock" and ranked #7 on MTV's "Greatest Heavy Metal Band Of All Time".

In the beginning the lead singer was Bon Scott, who had a very distinct voice. <a href="https://www.last.fm/music/+noredirect/ACDC">Read more on Last.fm</a>
🔗 Подробнее: https://www.last.fm/music/+noredirect/ACDC
[05.06.2025 16:59] Пользователь: acdc
[05.06.2025 16:59] Бот: 🎵 Похожие на acdc:

1. Ozzy Osbourne
2. Airbourne
3. Motörhead
4. Def Leppard
5. Aerosmith
[05.06.2025 16:59] Пользователь: pop
[05.06.2025 16:59] Бот: 🎶 Жанр pop:

Pop music is a broad-term for many different types of music: The term is flexible, and the music labeled "pop" changes frequently. It usually refers to popular, appealing and mostly mainstream music with emphasis on catchy melodies and an accessible style, with songs that tend to have a short to medium length. Some subgenres may include synthpop, electropop, bubblegum, sophisti-pop, hyperpop and many others. <a href="http://www.last.fm/tag/pop">Read more on Last.fm</a>. User-contributed text is available under the Creative Commons By-SA License; additional terms may apply.
🔗 Подробнее: https://www.last.fm/tag/pop
[05.06.2025 17:00] Пользователь: 🔥 Чарт 🔥
[05.06.2025 17:00] Бот: 🔥 Топ-10 песен из мирового чарта Last.fm:

1. BIRDS OF A FEATHER - Billie Eilish
2. Good Luck, Babe! - Chappell Roan
3. Party 4 U - Charli XCX
4. See You Again (feat. Kali Uchis) - Tyler, the Creator
5. No One Noticed - The Marías
6. Abracadabra - Lady Gaga
7. espresso - Sabrina Carpenter
8. luther (with SZA) - Kendrick Lamar
9. back to friends - Sombr
10. guess featuring billie eilish - Charli XCX
