[03.06.2025 19:44] Пользователь: /start
[03.06.2025 19:44] Бот: 🎵 Привет! Я — музыкальный гид.

Доступные команды:
/исполнитель <имя> — информация об исполнителе
/похожие <имя> — похожие исполнители
/жанр <жанр> — описание музыкального жанра
/чарты — топ-10 песен
[03.06.2025 19:44] Пользователь: /исполнитель Лида
[03.06.2025 19:44] Бот: 🎤 Лида

 <a href="https://www.last.fm/music/+noredirect/%D0%9B%D0%B8%D0%B4%D0%B0">Read more on Last.fm</a>
🔗 Подробнее: https://www.last.fm/music/+noredirect/%D0%9B%D0%B8%D0%B4%D0%B0
[03.06.2025 19:45] Пользователь: /исполнитель Lida
[03.06.2025 19:45] Бот: 🎤 Lida

1. Lida (Николай Ромадов, 10 мая 1995) — российский видеоблогер, музыкант, автор песен, вокалист и продюсер группы “Фрио”. Родной город — Москва (Марьино).

Свою музыкальную деятельность начал в феврале 2014 года, выпустив композицию “Мысли” под псевдонимом “Фрио”. <a href="https://www.last.fm/music/Lida">Read more on Last.fm</a>
🔗 Подробнее: https://www.last.fm/music/Lida
[03.06.2025 19:45] Пользователь: /похожие CMH
[03.06.2025 19:45] Бот: 🎵 Похожие на CMH:

1. DK
2. Mzlff
3. Booker
4. Скорость
5. ПАНЦУШОТ
[03.06.2025 19:45] Пользователь: /чарты
[03.06.2025 19:45] Бот: 🔥 Топ-10 песен:

1. BIRDS OF A FEATHER - Billie Eilish
2. Good Luck, Babe! - Chappell Roan
3. Party 4 U - Charli XCX
4. See You Again (feat. Kali Uchis) - Tyler, the Creator
5. No One Noticed - The Marías
6. Abracadabra - Lady Gaga
7. espresso - Sabrina Carpenter
8. luther (with SZA) - Kendrick Lamar
9. guess featuring billie eilish - Charli XCX
10. back to friends - Sombr
[03.06.2025 19:46] Пользователь: /исполнитель Macan
[03.06.2025 19:46] Бот: 🎤 Macan

Terbentuk pada tahun 1995, dengan formasi awal AhMad (ex vokalis Gaspierro Gyras), Deddy Boe (ex drummer Gaspierro Gyras), Chandra (ex basis Wells Crew), Gatuk Gondes (ex gitaris Surabaya Rock Band), Jessy Limpar (ex gitaris Wells Crew). Macan mengusung aliran musik Shock Rock atau lebih dikenal dengan istilah Glam Rock karena ter-influence dengan band-band manca negara semacam Skid Row, Motley Crue, AC/DC, Ozzy Osbourne, Kiss dll.
Sesuai komitmen para personilnya <a href="https://www.last.fm/music/Macan">Read more on Last.fm</a>
🔗 Подробнее: https://www.last.fm/music/Macan
